<?xml version="1.0" encoding="UTF-8"?>
<!-- Generated by org.testng.reporters.JUnitXMLReporter -->
<testsuite hostname="LAPTOP-Q2CHBLVR" ignored="0" name="Command line test" tests="6" failures="0" timestamp="2020-03-03T06:12:40 CST" time="0.144" errors="0">
  <testcase name="NativeAppAndroid" time="0.017" classname="qaclickacademy2.Mavenjava2.AppiumTest"/>
  <testcase name="iOSApp" time="0.0" classname="qaclickacademy2.Mavenjava2.AppiumTest"/>
  <testcase name="PostJira" time="0.0" classname="qaclickacademy2.Mavenjava2.RestAssuredTest"/>
  <testcase name="deleteTwitter" time="0.0" classname="qaclickacademy2.Mavenjava2.RestAssuredTest"/>
  <testcase name="BrowserUiAutomation" time="0.001" classname="qaclickacademy2.Mavenjava2.SeleniumTest"/>
  <testcase name="ElementsUi" time="0.001" classname="qaclickacademy2.Mavenjava2.SeleniumTest"/>
</testsuite> <!-- Command line test -->
