<?xml version="1.0" encoding="UTF-8"?>
<!-- Generated by org.testng.reporters.JUnitXMLReporter -->
<testsuite hostname="LAPTOP-Q2CHBLVR" ignored="0" name="Test" tests="4" failures="0" timestamp="2020-03-03T06:14:57 CST" time="0.103" errors="0">
  <testcase name="NativeAppAndroid" time="0.011" classname="qaclickacademy2.Mavenjava2.AppiumTest"/>
  <testcase name="iOSApp" time="0.001" classname="qaclickacademy2.Mavenjava2.AppiumTest"/>
  <testcase name="BrowserUiAutomation" time="0.001" classname="qaclickacademy2.Mavenjava2.SeleniumTest"/>
  <testcase name="ElementsUi" time="0.002" classname="qaclickacademy2.Mavenjava2.SeleniumTest"/>
</testsuite> <!-- Test -->
